<?xml version="1.0" encoding="UTF-8"?>
<!-- Generated by org.testng.reporters.JUnitReportReporter -->
<testsuite hostname="DESKTOP-O8IRIGN" failures="0" tests="6" name="testCases.TC000_HomePageTest" time="19.939" errors="0" timestamp="2025-06-30T01:33:36 IST" skipped="0">
  <testcase classname="testCases.TC000_HomePageTest" name="testBrokenImages" time="2.553"/>
  <testcase classname="testCases.TC000_HomePageTest" name="testCarousel" time="6.191"/>
  <testcase classname="testCases.TC000_HomePageTest" name="testBrokenLinks" time="1.114"/>
  <testcase classname="testCases.TC000_HomePageTest" name="testBrokenLinks" time="1.059"/>
  <testcase classname="testCases.TC000_HomePageTest" name="testCarousel" time="6.144"/>
  <testcase classname="testCases.TC000_HomePageTest" name="testBrokenImages" time="2.878"/>
</testsuite> <!-- testCases.TC000_HomePageTest -->
