<?xml version="1.0" encoding="UTF-8"?>
<!-- Generated by org.testng.reporters.JUnitReportReporter -->
<testsuite hostname="DESKTOP-O8IRIGN" failures="0" tests="1" name="testCases.TC002_loginTest" time="1.432" errors="0" timestamp="2025-05-06T17:23:38 IST" skipped="0">
  <testcase classname="testCases.TC002_loginTest" name="verifyLogin" time="1.432"/>
</testsuite> <!-- testCases.TC002_loginTest -->
