<?xml version="1.0" encoding="UTF-8"?>
<!-- Generated by org.testng.reporters.JUnitReportReporter -->
<testsuite hostname="DESKTOP-O8IRIGN" failures="0" tests="1" name="testCases.TC001_accountRegistrationTest" time="2.194" errors="0" timestamp="2025-05-06T17:23:38 IST" skipped="0">
  <testcase classname="testCases.TC001_accountRegistrationTest" name="verify_account_registration" time="2.194"/>
</testsuite> <!-- testCases.TC001_accountRegistrationTest -->
