<?xml version="1.0" encoding="UTF-8"?>
<!-- Generated by org.testng.reporters.JUnitReportReporter -->
<testsuite hostname="DESKTOP-O8IRIGN" failures="0" tests="5" name="testCases.TC003_LoginDDT" time="27.432" errors="0" timestamp="2025-04-29T12:22:23 IST" skipped="0">
  <testcase classname="testCases.TC003_LoginDDT" name="verifyLoginDDT" time="1.453"/>
  <testcase classname="testCases.TC003_LoginDDT" name="verifyLoginDDT" time="1.613"/>
  <testcase classname="testCases.TC003_LoginDDT" name="verifyLoginDDT" time="1.334"/>
  <testcase classname="testCases.TC003_LoginDDT" name="verifyLoginDDT" time="11.084"/>
  <testcase classname="testCases.TC003_LoginDDT" name="verifyLoginDDT" time="11.948"/>
</testsuite> <!-- testCases.TC003_LoginDDT -->
