<?xml version="1.0" encoding="UTF-8"?>
<!-- Generated by org.testng.reporters.JUnitReportReporter -->
<testsuite hostname="DESKTOP-O8IRIGN" failures="0" tests="1" name="testCases.TC0005_CarouselTest" time="6.135" errors="0" timestamp="2025-06-25T11:54:52 IST" skipped="0">
  <testcase classname="testCases.TC0005_CarouselTest" name="carouselTest" time="6.135"/>
</testsuite> <!-- testCases.TC0005_CarouselTest -->
