<?xml version="1.0" encoding="UTF-8"?>
<!-- Generated by org.testng.reporters.JUnitReportReporter -->
<testsuite hostname="DESKTOP-O8IRIGN" failures="0" tests="2" name="testCases.TC002_loginTest" time="3.447" errors="0" timestamp="2025-06-30T01:33:36 IST" skipped="0">
  <testcase classname="testCases.TC002_loginTest" name="verifyLogin" time="1.293"/>
  <testcase classname="testCases.TC002_loginTest" name="verifyLogin" time="2.154"/>
</testsuite> <!-- testCases.TC002_loginTest -->
