<?xml version="1.0" encoding="UTF-8"?>
<!-- Generated by org.testng.reporters.JUnitReportReporter -->
<testsuite hostname="DESKTOP-O8IRIGN" failures="0" tests="1" name="testCases.SampleTest" time="20.073" errors="0" timestamp="2025-06-02T09:25:11 IST" skipped="0">
  <testcase classname="testCases.SampleTest" name="demoTest" time="20.073"/>
</testsuite> <!-- testCases.SampleTest -->
